[0.520s] DEBUG:colcon:Command line arguments: ['/usr/bin/colcon', 'list', '--base-paths', '/home/luis/workspaces/ros2-galactic/', '/opt/ros2/galactic/']
[0.520s] DEBUG:colcon:Parsed command line arguments: Namespace(log_base=None, log_level=None, verb_name='list', build_base='build', ignore_user_meta=False, metas=['./colcon.meta'], base_paths=['/home/luis/workspaces/ros2-galactic/', '/opt/ros2/galactic/'], packages_ignore=None, packages_ignore_regex=None, paths=None, packages_up_to=None, packages_up_to_regex=None, packages_above=None, packages_above_and_dependencies=None, packages_above_depth=None, packages_select_by_dep=None, packages_skip_by_dep=None, packages_skip_up_to=None, packages_select_build_failed=False, packages_skip_build_finished=False, packages_select_test_failures=False, packages_skip_test_passed=False, packages_select=None, packages_skip=None, packages_select_regex=None, packages_skip_regex=None, packages_start=None, packages_end=None, topological_order=False, names_only=False, paths_only=False, topological_graph=False, topological_graph_dot=False, topological_graph_density=False, topological_graph_legend=False, topological_graph_dot_cluster=False, topological_graph_dot_include_skipped=False, verb_parser=<colcon_defaults.argument_parser.defaults.DefaultArgumentsDecorator object at 0x7f4c90244820>, verb_extension=<colcon_package_information.verb.list.ListVerb object at 0x7f4c901d32e0>, main=<bound method ListVerb.main of <colcon_package_information.verb.list.ListVerb object at 0x7f4c901d32e0>>)
[0.577s] Level 1:colcon.colcon_core.package_discovery:discover_packages(colcon_meta) check parameters
[0.577s] Level 1:colcon.colcon_core.package_discovery:discover_packages(recursive) check parameters
[0.577s] Level 1:colcon.colcon_core.package_discovery:discover_packages(ignore) check parameters
[0.577s] Level 1:colcon.colcon_core.package_discovery:discover_packages(path) check parameters
[0.577s] Level 1:colcon.colcon_core.package_discovery:discover_packages(recursive) discover
[0.577s] INFO:colcon.colcon_core.package_discovery:Crawling recursively for packages in '/home/luis/workspaces/ros2-galactic', '/opt/ros2/galactic'
[0.577s] Level 1:colcon.colcon_core.package_identification:_identify(/home/luis/workspaces/ros2-galactic) by extensions ['ignore', 'ignore_ament_install']
[0.577s] Level 1:colcon.colcon_core.package_identification:_identify(/home/luis/workspaces/ros2-galactic) by extension 'ignore'
[0.578s] Level 1:colcon.colcon_core.package_identification:_identify(/home/luis/workspaces/ros2-galactic) by extension 'ignore_ament_install'
[0.578s] Level 1:colcon.colcon_core.package_identification:_identify(/home/luis/workspaces/ros2-galactic) by extensions ['colcon_pkg']
[0.578s] Level 1:colcon.colcon_core.package_identification:_identify(/home/luis/workspaces/ros2-galactic) by extension 'colcon_pkg'
[0.578s] Level 1:colcon.colcon_core.package_identification:_identify(/home/luis/workspaces/ros2-galactic) by extensions ['colcon_meta']
[0.578s] Level 1:colcon.colcon_core.package_identification:_identify(/home/luis/workspaces/ros2-galactic) by extension 'colcon_meta'
[0.578s] Level 1:colcon.colcon_core.package_identification:_identify(/home/luis/workspaces/ros2-galactic) by extensions ['ros']
[0.578s] Level 1:colcon.colcon_core.package_identification:_identify(/home/luis/workspaces/ros2-galactic) by extension 'ros'
[0.602s] Level 1:colcon.colcon_core.package_identification:_identify(/home/luis/workspaces/ros2-galactic) by extensions ['cmake', 'python']
[0.602s] Level 1:colcon.colcon_core.package_identification:_identify(/home/luis/workspaces/ros2-galactic) by extension 'cmake'
[0.602s] Level 1:colcon.colcon_core.package_identification:_identify(/home/luis/workspaces/ros2-galactic) by extension 'python'
[0.602s] Level 1:colcon.colcon_core.package_identification:_identify(/home/luis/workspaces/ros2-galactic) by extensions ['python_setup_py']
[0.602s] Level 1:colcon.colcon_core.package_identification:_identify(/home/luis/workspaces/ros2-galactic) by extension 'python_setup_py'
[0.603s] Level 1:colcon.colcon_core.package_identification:_identify(/home/luis/workspaces/ros2-galactic/build) by extensions ['ignore', 'ignore_ament_install']
[0.603s] Level 1:colcon.colcon_core.package_identification:_identify(/home/luis/workspaces/ros2-galactic/build) by extension 'ignore'
[0.603s] Level 1:colcon.colcon_core.package_identification:_identify(/home/luis/workspaces/ros2-galactic/build) ignored
[0.603s] Level 1:colcon.colcon_core.package_identification:_identify(/home/luis/workspaces/ros2-galactic/install) by extensions ['ignore', 'ignore_ament_install']
[0.603s] Level 1:colcon.colcon_core.package_identification:_identify(/home/luis/workspaces/ros2-galactic/install) by extension 'ignore'
[0.603s] Level 1:colcon.colcon_core.package_identification:_identify(/home/luis/workspaces/ros2-galactic/install) ignored
[0.603s] Level 1:colcon.colcon_core.package_identification:_identify(/home/luis/workspaces/ros2-galactic/log) by extensions ['ignore', 'ignore_ament_install']
[0.603s] Level 1:colcon.colcon_core.package_identification:_identify(/home/luis/workspaces/ros2-galactic/log) by extension 'ignore'
[0.603s] Level 1:colcon.colcon_core.package_identification:_identify(/home/luis/workspaces/ros2-galactic/log) ignored
[0.603s] Level 1:colcon.colcon_core.package_identification:_identify(/home/luis/workspaces/ros2-galactic/security) by extensions ['ignore', 'ignore_ament_install']
[0.603s] Level 1:colcon.colcon_core.package_identification:_identify(/home/luis/workspaces/ros2-galactic/security) by extension 'ignore'
[0.604s] Level 1:colcon.colcon_core.package_identification:_identify(/home/luis/workspaces/ros2-galactic/security) by extension 'ignore_ament_install'
[0.604s] Level 1:colcon.colcon_core.package_identification:_identify(/home/luis/workspaces/ros2-galactic/security) by extensions ['colcon_pkg']
[0.604s] Level 1:colcon.colcon_core.package_identification:_identify(/home/luis/workspaces/ros2-galactic/security) by extension 'colcon_pkg'
[0.604s] Level 1:colcon.colcon_core.package_identification:_identify(/home/luis/workspaces/ros2-galactic/security) by extensions ['colcon_meta']
[0.604s] Level 1:colcon.colcon_core.package_identification:_identify(/home/luis/workspaces/ros2-galactic/security) by extension 'colcon_meta'
[0.604s] Level 1:colcon.colcon_core.package_identification:_identify(/home/luis/workspaces/ros2-galactic/security) by extensions ['ros']
[0.604s] Level 1:colcon.colcon_core.package_identification:_identify(/home/luis/workspaces/ros2-galactic/security) by extension 'ros'
[0.604s] Level 1:colcon.colcon_core.package_identification:_identify(/home/luis/workspaces/ros2-galactic/security) by extensions ['cmake', 'python']
[0.604s] Level 1:colcon.colcon_core.package_identification:_identify(/home/luis/workspaces/ros2-galactic/security) by extension 'cmake'
[0.604s] Level 1:colcon.colcon_core.package_identification:_identify(/home/luis/workspaces/ros2-galactic/security) by extension 'python'
[0.604s] Level 1:colcon.colcon_core.package_identification:_identify(/home/luis/workspaces/ros2-galactic/security) by extensions ['python_setup_py']
[0.604s] Level 1:colcon.colcon_core.package_identification:_identify(/home/luis/workspaces/ros2-galactic/security) by extension 'python_setup_py'
[0.604s] Level 1:colcon.colcon_core.package_identification:_identify(/home/luis/workspaces/ros2-galactic/security/common) by extensions ['ignore', 'ignore_ament_install']
[0.604s] Level 1:colcon.colcon_core.package_identification:_identify(/home/luis/workspaces/ros2-galactic/security/common) by extension 'ignore'
[0.604s] Level 1:colcon.colcon_core.package_identification:_identify(/home/luis/workspaces/ros2-galactic/security/common) by extension 'ignore_ament_install'
[0.605s] Level 1:colcon.colcon_core.package_identification:_identify(/home/luis/workspaces/ros2-galactic/security/common) by extensions ['colcon_pkg']
[0.605s] Level 1:colcon.colcon_core.package_identification:_identify(/home/luis/workspaces/ros2-galactic/security/common) by extension 'colcon_pkg'
[0.605s] Level 1:colcon.colcon_core.package_identification:_identify(/home/luis/workspaces/ros2-galactic/security/common) by extensions ['colcon_meta']
[0.605s] Level 1:colcon.colcon_core.package_identification:_identify(/home/luis/workspaces/ros2-galactic/security/common) by extension 'colcon_meta'
[0.605s] Level 1:colcon.colcon_core.package_identification:_identify(/home/luis/workspaces/ros2-galactic/security/common) by extensions ['ros']
[0.605s] Level 1:colcon.colcon_core.package_identification:_identify(/home/luis/workspaces/ros2-galactic/security/common) by extension 'ros'
[0.605s] Level 1:colcon.colcon_core.package_identification:_identify(/home/luis/workspaces/ros2-galactic/security/common) by extensions ['cmake', 'python']
[0.605s] Level 1:colcon.colcon_core.package_identification:_identify(/home/luis/workspaces/ros2-galactic/security/common) by extension 'cmake'
[0.605s] Level 1:colcon.colcon_core.package_identification:_identify(/home/luis/workspaces/ros2-galactic/security/common) by extension 'python'
[0.605s] Level 1:colcon.colcon_core.package_identification:_identify(/home/luis/workspaces/ros2-galactic/security/common) by extensions ['python_setup_py']
[0.605s] Level 1:colcon.colcon_core.package_identification:_identify(/home/luis/workspaces/ros2-galactic/security/common) by extension 'python_setup_py'
[0.605s] Level 1:colcon.colcon_core.package_identification:_identify(/home/luis/workspaces/ros2-galactic/security/common/node) by extensions ['ignore', 'ignore_ament_install']
[0.605s] Level 1:colcon.colcon_core.package_identification:_identify(/home/luis/workspaces/ros2-galactic/security/common/node) by extension 'ignore'
[0.606s] Level 1:colcon.colcon_core.package_identification:_identify(/home/luis/workspaces/ros2-galactic/security/common/node) by extension 'ignore_ament_install'
[0.606s] Level 1:colcon.colcon_core.package_identification:_identify(/home/luis/workspaces/ros2-galactic/security/common/node) by extensions ['colcon_pkg']
[0.606s] Level 1:colcon.colcon_core.package_identification:_identify(/home/luis/workspaces/ros2-galactic/security/common/node) by extension 'colcon_pkg'
[0.606s] Level 1:colcon.colcon_core.package_identification:_identify(/home/luis/workspaces/ros2-galactic/security/common/node) by extensions ['colcon_meta']
[0.606s] Level 1:colcon.colcon_core.package_identification:_identify(/home/luis/workspaces/ros2-galactic/security/common/node) by extension 'colcon_meta'
[0.606s] Level 1:colcon.colcon_core.package_identification:_identify(/home/luis/workspaces/ros2-galactic/security/common/node) by extensions ['ros']
[0.606s] Level 1:colcon.colcon_core.package_identification:_identify(/home/luis/workspaces/ros2-galactic/security/common/node) by extension 'ros'
[0.606s] Level 1:colcon.colcon_core.package_identification:_identify(/home/luis/workspaces/ros2-galactic/security/common/node) by extensions ['cmake', 'python']
[0.606s] Level 1:colcon.colcon_core.package_identification:_identify(/home/luis/workspaces/ros2-galactic/security/common/node) by extension 'cmake'
[0.606s] Level 1:colcon.colcon_core.package_identification:_identify(/home/luis/workspaces/ros2-galactic/security/common/node) by extension 'python'
[0.606s] Level 1:colcon.colcon_core.package_identification:_identify(/home/luis/workspaces/ros2-galactic/security/common/node) by extensions ['python_setup_py']
[0.606s] Level 1:colcon.colcon_core.package_identification:_identify(/home/luis/workspaces/ros2-galactic/security/common/node) by extension 'python_setup_py'
[0.606s] Level 1:colcon.colcon_core.package_identification:_identify(/home/luis/workspaces/ros2-galactic/security/demo) by extensions ['ignore', 'ignore_ament_install']
[0.607s] Level 1:colcon.colcon_core.package_identification:_identify(/home/luis/workspaces/ros2-galactic/security/demo) by extension 'ignore'
[0.607s] Level 1:colcon.colcon_core.package_identification:_identify(/home/luis/workspaces/ros2-galactic/security/demo) by extension 'ignore_ament_install'
[0.607s] Level 1:colcon.colcon_core.package_identification:_identify(/home/luis/workspaces/ros2-galactic/security/demo) by extensions ['colcon_pkg']
[0.607s] Level 1:colcon.colcon_core.package_identification:_identify(/home/luis/workspaces/ros2-galactic/security/demo) by extension 'colcon_pkg'
[0.607s] Level 1:colcon.colcon_core.package_identification:_identify(/home/luis/workspaces/ros2-galactic/security/demo) by extensions ['colcon_meta']
[0.607s] Level 1:colcon.colcon_core.package_identification:_identify(/home/luis/workspaces/ros2-galactic/security/demo) by extension 'colcon_meta'
[0.607s] Level 1:colcon.colcon_core.package_identification:_identify(/home/luis/workspaces/ros2-galactic/security/demo) by extensions ['ros']
[0.607s] Level 1:colcon.colcon_core.package_identification:_identify(/home/luis/workspaces/ros2-galactic/security/demo) by extension 'ros'
[0.607s] Level 1:colcon.colcon_core.package_identification:_identify(/home/luis/workspaces/ros2-galactic/security/demo) by extensions ['cmake', 'python']
[0.607s] Level 1:colcon.colcon_core.package_identification:_identify(/home/luis/workspaces/ros2-galactic/security/demo) by extension 'cmake'
[0.607s] Level 1:colcon.colcon_core.package_identification:_identify(/home/luis/workspaces/ros2-galactic/security/demo) by extension 'python'
[0.607s] Level 1:colcon.colcon_core.package_identification:_identify(/home/luis/workspaces/ros2-galactic/security/demo) by extensions ['python_setup_py']
[0.607s] Level 1:colcon.colcon_core.package_identification:_identify(/home/luis/workspaces/ros2-galactic/security/demo) by extension 'python_setup_py'
[0.607s] Level 1:colcon.colcon_core.package_identification:_identify(/home/luis/workspaces/ros2-galactic/security/demo/enclaves) by extensions ['ignore', 'ignore_ament_install']
[0.608s] Level 1:colcon.colcon_core.package_identification:_identify(/home/luis/workspaces/ros2-galactic/security/demo/enclaves) by extension 'ignore'
[0.608s] Level 1:colcon.colcon_core.package_identification:_identify(/home/luis/workspaces/ros2-galactic/security/demo/enclaves) by extension 'ignore_ament_install'
[0.608s] Level 1:colcon.colcon_core.package_identification:_identify(/home/luis/workspaces/ros2-galactic/security/demo/enclaves) by extensions ['colcon_pkg']
[0.608s] Level 1:colcon.colcon_core.package_identification:_identify(/home/luis/workspaces/ros2-galactic/security/demo/enclaves) by extension 'colcon_pkg'
[0.608s] Level 1:colcon.colcon_core.package_identification:_identify(/home/luis/workspaces/ros2-galactic/security/demo/enclaves) by extensions ['colcon_meta']
[0.608s] Level 1:colcon.colcon_core.package_identification:_identify(/home/luis/workspaces/ros2-galactic/security/demo/enclaves) by extension 'colcon_meta'
[0.608s] Level 1:colcon.colcon_core.package_identification:_identify(/home/luis/workspaces/ros2-galactic/security/demo/enclaves) by extensions ['ros']
[0.608s] Level 1:colcon.colcon_core.package_identification:_identify(/home/luis/workspaces/ros2-galactic/security/demo/enclaves) by extension 'ros'
[0.608s] Level 1:colcon.colcon_core.package_identification:_identify(/home/luis/workspaces/ros2-galactic/security/demo/enclaves) by extensions ['cmake', 'python']
[0.608s] Level 1:colcon.colcon_core.package_identification:_identify(/home/luis/workspaces/ros2-galactic/security/demo/enclaves) by extension 'cmake'
[0.608s] Level 1:colcon.colcon_core.package_identification:_identify(/home/luis/workspaces/ros2-galactic/security/demo/enclaves) by extension 'python'
[0.608s] Level 1:colcon.colcon_core.package_identification:_identify(/home/luis/workspaces/ros2-galactic/security/demo/enclaves) by extensions ['python_setup_py']
[0.608s] Level 1:colcon.colcon_core.package_identification:_identify(/home/luis/workspaces/ros2-galactic/security/demo/enclaves) by extension 'python_setup_py'
[0.608s] Level 1:colcon.colcon_core.package_identification:_identify(/home/luis/workspaces/ros2-galactic/security/demo/enclaves/keyboard) by extensions ['ignore', 'ignore_ament_install']
[0.609s] Level 1:colcon.colcon_core.package_identification:_identify(/home/luis/workspaces/ros2-galactic/security/demo/enclaves/keyboard) by extension 'ignore'
[0.609s] Level 1:colcon.colcon_core.package_identification:_identify(/home/luis/workspaces/ros2-galactic/security/demo/enclaves/keyboard) by extension 'ignore_ament_install'
[0.609s] Level 1:colcon.colcon_core.package_identification:_identify(/home/luis/workspaces/ros2-galactic/security/demo/enclaves/keyboard) by extensions ['colcon_pkg']
[0.609s] Level 1:colcon.colcon_core.package_identification:_identify(/home/luis/workspaces/ros2-galactic/security/demo/enclaves/keyboard) by extension 'colcon_pkg'
[0.609s] Level 1:colcon.colcon_core.package_identification:_identify(/home/luis/workspaces/ros2-galactic/security/demo/enclaves/keyboard) by extensions ['colcon_meta']
[0.609s] Level 1:colcon.colcon_core.package_identification:_identify(/home/luis/workspaces/ros2-galactic/security/demo/enclaves/keyboard) by extension 'colcon_meta'
[0.609s] Level 1:colcon.colcon_core.package_identification:_identify(/home/luis/workspaces/ros2-galactic/security/demo/enclaves/keyboard) by extensions ['ros']
[0.609s] Level 1:colcon.colcon_core.package_identification:_identify(/home/luis/workspaces/ros2-galactic/security/demo/enclaves/keyboard) by extension 'ros'
[0.609s] Level 1:colcon.colcon_core.package_identification:_identify(/home/luis/workspaces/ros2-galactic/security/demo/enclaves/keyboard) by extensions ['cmake', 'python']
[0.609s] Level 1:colcon.colcon_core.package_identification:_identify(/home/luis/workspaces/ros2-galactic/security/demo/enclaves/keyboard) by extension 'cmake'
[0.609s] Level 1:colcon.colcon_core.package_identification:_identify(/home/luis/workspaces/ros2-galactic/security/demo/enclaves/keyboard) by extension 'python'
[0.609s] Level 1:colcon.colcon_core.package_identification:_identify(/home/luis/workspaces/ros2-galactic/security/demo/enclaves/keyboard) by extensions ['python_setup_py']
[0.609s] Level 1:colcon.colcon_core.package_identification:_identify(/home/luis/workspaces/ros2-galactic/security/demo/enclaves/keyboard) by extension 'python_setup_py'
[0.610s] Level 1:colcon.colcon_core.package_identification:_identify(/home/luis/workspaces/ros2-galactic/security/demo/enclaves/multiplexer) by extensions ['ignore', 'ignore_ament_install']
[0.610s] Level 1:colcon.colcon_core.package_identification:_identify(/home/luis/workspaces/ros2-galactic/security/demo/enclaves/multiplexer) by extension 'ignore'
[0.610s] Level 1:colcon.colcon_core.package_identification:_identify(/home/luis/workspaces/ros2-galactic/security/demo/enclaves/multiplexer) by extension 'ignore_ament_install'
[0.610s] Level 1:colcon.colcon_core.package_identification:_identify(/home/luis/workspaces/ros2-galactic/security/demo/enclaves/multiplexer) by extensions ['colcon_pkg']
[0.610s] Level 1:colcon.colcon_core.package_identification:_identify(/home/luis/workspaces/ros2-galactic/security/demo/enclaves/multiplexer) by extension 'colcon_pkg'
[0.610s] Level 1:colcon.colcon_core.package_identification:_identify(/home/luis/workspaces/ros2-galactic/security/demo/enclaves/multiplexer) by extensions ['colcon_meta']
[0.610s] Level 1:colcon.colcon_core.package_identification:_identify(/home/luis/workspaces/ros2-galactic/security/demo/enclaves/multiplexer) by extension 'colcon_meta'
[0.610s] Level 1:colcon.colcon_core.package_identification:_identify(/home/luis/workspaces/ros2-galactic/security/demo/enclaves/multiplexer) by extensions ['ros']
[0.610s] Level 1:colcon.colcon_core.package_identification:_identify(/home/luis/workspaces/ros2-galactic/security/demo/enclaves/multiplexer) by extension 'ros'
[0.610s] Level 1:colcon.colcon_core.package_identification:_identify(/home/luis/workspaces/ros2-galactic/security/demo/enclaves/multiplexer) by extensions ['cmake', 'python']
[0.610s] Level 1:colcon.colcon_core.package_identification:_identify(/home/luis/workspaces/ros2-galactic/security/demo/enclaves/multiplexer) by extension 'cmake'
[0.610s] Level 1:colcon.colcon_core.package_identification:_identify(/home/luis/workspaces/ros2-galactic/security/demo/enclaves/multiplexer) by extension 'python'
[0.610s] Level 1:colcon.colcon_core.package_identification:_identify(/home/luis/workspaces/ros2-galactic/security/demo/enclaves/multiplexer) by extensions ['python_setup_py']
[0.610s] Level 1:colcon.colcon_core.package_identification:_identify(/home/luis/workspaces/ros2-galactic/security/demo/enclaves/multiplexer) by extension 'python_setup_py'
[0.611s] Level 1:colcon.colcon_core.package_identification:_identify(/home/luis/workspaces/ros2-galactic/security/demo/enclaves/random) by extensions ['ignore', 'ignore_ament_install']
[0.611s] Level 1:colcon.colcon_core.package_identification:_identify(/home/luis/workspaces/ros2-galactic/security/demo/enclaves/random) by extension 'ignore'
[0.611s] Level 1:colcon.colcon_core.package_identification:_identify(/home/luis/workspaces/ros2-galactic/security/demo/enclaves/random) by extension 'ignore_ament_install'
[0.611s] Level 1:colcon.colcon_core.package_identification:_identify(/home/luis/workspaces/ros2-galactic/security/demo/enclaves/random) by extensions ['colcon_pkg']
[0.611s] Level 1:colcon.colcon_core.package_identification:_identify(/home/luis/workspaces/ros2-galactic/security/demo/enclaves/random) by extension 'colcon_pkg'
[0.611s] Level 1:colcon.colcon_core.package_identification:_identify(/home/luis/workspaces/ros2-galactic/security/demo/enclaves/random) by extensions ['colcon_meta']
[0.611s] Level 1:colcon.colcon_core.package_identification:_identify(/home/luis/workspaces/ros2-galactic/security/demo/enclaves/random) by extension 'colcon_meta'
[0.611s] Level 1:colcon.colcon_core.package_identification:_identify(/home/luis/workspaces/ros2-galactic/security/demo/enclaves/random) by extensions ['ros']
[0.611s] Level 1:colcon.colcon_core.package_identification:_identify(/home/luis/workspaces/ros2-galactic/security/demo/enclaves/random) by extension 'ros'
[0.611s] Level 1:colcon.colcon_core.package_identification:_identify(/home/luis/workspaces/ros2-galactic/security/demo/enclaves/random) by extensions ['cmake', 'python']
[0.611s] Level 1:colcon.colcon_core.package_identification:_identify(/home/luis/workspaces/ros2-galactic/security/demo/enclaves/random) by extension 'cmake'
[0.611s] Level 1:colcon.colcon_core.package_identification:_identify(/home/luis/workspaces/ros2-galactic/security/demo/enclaves/random) by extension 'python'
[0.611s] Level 1:colcon.colcon_core.package_identification:_identify(/home/luis/workspaces/ros2-galactic/security/demo/enclaves/random) by extensions ['python_setup_py']
[0.611s] Level 1:colcon.colcon_core.package_identification:_identify(/home/luis/workspaces/ros2-galactic/security/demo/enclaves/random) by extension 'python_setup_py'
[0.612s] Level 1:colcon.colcon_core.package_identification:_identify(/home/luis/workspaces/ros2-galactic/security/demo/enclaves/turtlesim) by extensions ['ignore', 'ignore_ament_install']
[0.612s] Level 1:colcon.colcon_core.package_identification:_identify(/home/luis/workspaces/ros2-galactic/security/demo/enclaves/turtlesim) by extension 'ignore'
[0.612s] Level 1:colcon.colcon_core.package_identification:_identify(/home/luis/workspaces/ros2-galactic/security/demo/enclaves/turtlesim) by extension 'ignore_ament_install'
[0.612s] Level 1:colcon.colcon_core.package_identification:_identify(/home/luis/workspaces/ros2-galactic/security/demo/enclaves/turtlesim) by extensions ['colcon_pkg']
[0.612s] Level 1:colcon.colcon_core.package_identification:_identify(/home/luis/workspaces/ros2-galactic/security/demo/enclaves/turtlesim) by extension 'colcon_pkg'
[0.612s] Level 1:colcon.colcon_core.package_identification:_identify(/home/luis/workspaces/ros2-galactic/security/demo/enclaves/turtlesim) by extensions ['colcon_meta']
[0.612s] Level 1:colcon.colcon_core.package_identification:_identify(/home/luis/workspaces/ros2-galactic/security/demo/enclaves/turtlesim) by extension 'colcon_meta'
[0.612s] Level 1:colcon.colcon_core.package_identification:_identify(/home/luis/workspaces/ros2-galactic/security/demo/enclaves/turtlesim) by extensions ['ros']
[0.612s] Level 1:colcon.colcon_core.package_identification:_identify(/home/luis/workspaces/ros2-galactic/security/demo/enclaves/turtlesim) by extension 'ros'
[0.612s] Level 1:colcon.colcon_core.package_identification:_identify(/home/luis/workspaces/ros2-galactic/security/demo/enclaves/turtlesim) by extensions ['cmake', 'python']
[0.612s] Level 1:colcon.colcon_core.package_identification:_identify(/home/luis/workspaces/ros2-galactic/security/demo/enclaves/turtlesim) by extension 'cmake'
[0.612s] Level 1:colcon.colcon_core.package_identification:_identify(/home/luis/workspaces/ros2-galactic/security/demo/enclaves/turtlesim) by extension 'python'
[0.612s] Level 1:colcon.colcon_core.package_identification:_identify(/home/luis/workspaces/ros2-galactic/security/demo/enclaves/turtlesim) by extensions ['python_setup_py']
[0.612s] Level 1:colcon.colcon_core.package_identification:_identify(/home/luis/workspaces/ros2-galactic/security/demo/enclaves/turtlesim) by extension 'python_setup_py'
[0.612s] Level 1:colcon.colcon_core.package_identification:_identify(/home/luis/workspaces/ros2-galactic/security/demo/private) by extensions ['ignore', 'ignore_ament_install']
[0.612s] Level 1:colcon.colcon_core.package_identification:_identify(/home/luis/workspaces/ros2-galactic/security/demo/private) by extension 'ignore'
[0.613s] Level 1:colcon.colcon_core.package_identification:_identify(/home/luis/workspaces/ros2-galactic/security/demo/private) by extension 'ignore_ament_install'
[0.613s] Level 1:colcon.colcon_core.package_identification:_identify(/home/luis/workspaces/ros2-galactic/security/demo/private) by extensions ['colcon_pkg']
[0.613s] Level 1:colcon.colcon_core.package_identification:_identify(/home/luis/workspaces/ros2-galactic/security/demo/private) by extension 'colcon_pkg'
[0.613s] Level 1:colcon.colcon_core.package_identification:_identify(/home/luis/workspaces/ros2-galactic/security/demo/private) by extensions ['colcon_meta']
[0.613s] Level 1:colcon.colcon_core.package_identification:_identify(/home/luis/workspaces/ros2-galactic/security/demo/private) by extension 'colcon_meta'
[0.613s] Level 1:colcon.colcon_core.package_identification:_identify(/home/luis/workspaces/ros2-galactic/security/demo/private) by extensions ['ros']
[0.613s] Level 1:colcon.colcon_core.package_identification:_identify(/home/luis/workspaces/ros2-galactic/security/demo/private) by extension 'ros'
[0.613s] Level 1:colcon.colcon_core.package_identification:_identify(/home/luis/workspaces/ros2-galactic/security/demo/private) by extensions ['cmake', 'python']
[0.613s] Level 1:colcon.colcon_core.package_identification:_identify(/home/luis/workspaces/ros2-galactic/security/demo/private) by extension 'cmake'
[0.613s] Level 1:colcon.colcon_core.package_identification:_identify(/home/luis/workspaces/ros2-galactic/security/demo/private) by extension 'python'
[0.613s] Level 1:colcon.colcon_core.package_identification:_identify(/home/luis/workspaces/ros2-galactic/security/demo/private) by extensions ['python_setup_py']
[0.613s] Level 1:colcon.colcon_core.package_identification:_identify(/home/luis/workspaces/ros2-galactic/security/demo/private) by extension 'python_setup_py'
[0.613s] Level 1:colcon.colcon_core.package_identification:_identify(/home/luis/workspaces/ros2-galactic/security/demo/public) by extensions ['ignore', 'ignore_ament_install']
[0.613s] Level 1:colcon.colcon_core.package_identification:_identify(/home/luis/workspaces/ros2-galactic/security/demo/public) by extension 'ignore'
[0.614s] Level 1:colcon.colcon_core.package_identification:_identify(/home/luis/workspaces/ros2-galactic/security/demo/public) by extension 'ignore_ament_install'
[0.614s] Level 1:colcon.colcon_core.package_identification:_identify(/home/luis/workspaces/ros2-galactic/security/demo/public) by extensions ['colcon_pkg']
[0.614s] Level 1:colcon.colcon_core.package_identification:_identify(/home/luis/workspaces/ros2-galactic/security/demo/public) by extension 'colcon_pkg'
[0.614s] Level 1:colcon.colcon_core.package_identification:_identify(/home/luis/workspaces/ros2-galactic/security/demo/public) by extensions ['colcon_meta']
[0.614s] Level 1:colcon.colcon_core.package_identification:_identify(/home/luis/workspaces/ros2-galactic/security/demo/public) by extension 'colcon_meta'
[0.614s] Level 1:colcon.colcon_core.package_identification:_identify(/home/luis/workspaces/ros2-galactic/security/demo/public) by extensions ['ros']
[0.614s] Level 1:colcon.colcon_core.package_identification:_identify(/home/luis/workspaces/ros2-galactic/security/demo/public) by extension 'ros'
[0.614s] Level 1:colcon.colcon_core.package_identification:_identify(/home/luis/workspaces/ros2-galactic/security/demo/public) by extensions ['cmake', 'python']
[0.614s] Level 1:colcon.colcon_core.package_identification:_identify(/home/luis/workspaces/ros2-galactic/security/demo/public) by extension 'cmake'
[0.614s] Level 1:colcon.colcon_core.package_identification:_identify(/home/luis/workspaces/ros2-galactic/security/demo/public) by extension 'python'
[0.614s] Level 1:colcon.colcon_core.package_identification:_identify(/home/luis/workspaces/ros2-galactic/security/demo/public) by extensions ['python_setup_py']
[0.614s] Level 1:colcon.colcon_core.package_identification:_identify(/home/luis/workspaces/ros2-galactic/security/demo/public) by extension 'python_setup_py'
[0.614s] Level 1:colcon.colcon_core.package_identification:_identify(/home/luis/workspaces/ros2-galactic/src) by extensions ['ignore', 'ignore_ament_install']
[0.614s] Level 1:colcon.colcon_core.package_identification:_identify(/home/luis/workspaces/ros2-galactic/src) by extension 'ignore'
[0.614s] Level 1:colcon.colcon_core.package_identification:_identify(/home/luis/workspaces/ros2-galactic/src) by extension 'ignore_ament_install'
[0.615s] Level 1:colcon.colcon_core.package_identification:_identify(/home/luis/workspaces/ros2-galactic/src) by extensions ['colcon_pkg']
[0.615s] Level 1:colcon.colcon_core.package_identification:_identify(/home/luis/workspaces/ros2-galactic/src) by extension 'colcon_pkg'
[0.615s] Level 1:colcon.colcon_core.package_identification:_identify(/home/luis/workspaces/ros2-galactic/src) by extensions ['colcon_meta']
[0.615s] Level 1:colcon.colcon_core.package_identification:_identify(/home/luis/workspaces/ros2-galactic/src) by extension 'colcon_meta'
[0.615s] Level 1:colcon.colcon_core.package_identification:_identify(/home/luis/workspaces/ros2-galactic/src) by extensions ['ros']
[0.615s] Level 1:colcon.colcon_core.package_identification:_identify(/home/luis/workspaces/ros2-galactic/src) by extension 'ros'
[0.615s] Level 1:colcon.colcon_core.package_identification:_identify(/home/luis/workspaces/ros2-galactic/src) by extensions ['cmake', 'python']
[0.615s] Level 1:colcon.colcon_core.package_identification:_identify(/home/luis/workspaces/ros2-galactic/src) by extension 'cmake'
[0.615s] Level 1:colcon.colcon_core.package_identification:_identify(/home/luis/workspaces/ros2-galactic/src) by extension 'python'
[0.615s] Level 1:colcon.colcon_core.package_identification:_identify(/home/luis/workspaces/ros2-galactic/src) by extensions ['python_setup_py']
[0.615s] Level 1:colcon.colcon_core.package_identification:_identify(/home/luis/workspaces/ros2-galactic/src) by extension 'python_setup_py'
[0.615s] Level 1:colcon.colcon_core.package_identification:_identify(/home/luis/workspaces/ros2-galactic/src/interfaces) by extensions ['ignore', 'ignore_ament_install']
[0.615s] Level 1:colcon.colcon_core.package_identification:_identify(/home/luis/workspaces/ros2-galactic/src/interfaces) by extension 'ignore'
[0.615s] Level 1:colcon.colcon_core.package_identification:_identify(/home/luis/workspaces/ros2-galactic/src/interfaces) by extension 'ignore_ament_install'
[0.615s] Level 1:colcon.colcon_core.package_identification:_identify(/home/luis/workspaces/ros2-galactic/src/interfaces) by extensions ['colcon_pkg']
[0.616s] Level 1:colcon.colcon_core.package_identification:_identify(/home/luis/workspaces/ros2-galactic/src/interfaces) by extension 'colcon_pkg'
[0.616s] Level 1:colcon.colcon_core.package_identification:_identify(/home/luis/workspaces/ros2-galactic/src/interfaces) by extensions ['colcon_meta']
[0.616s] Level 1:colcon.colcon_core.package_identification:_identify(/home/luis/workspaces/ros2-galactic/src/interfaces) by extension 'colcon_meta'
[0.616s] Level 1:colcon.colcon_core.package_identification:_identify(/home/luis/workspaces/ros2-galactic/src/interfaces) by extensions ['ros']
[0.616s] Level 1:colcon.colcon_core.package_identification:_identify(/home/luis/workspaces/ros2-galactic/src/interfaces) by extension 'ros'
[0.618s] DEBUG:colcon.colcon_core.package_identification:Package '/home/luis/workspaces/ros2-galactic/src/interfaces' with type 'ros.ament_cmake' and name 'interfaces'
[0.619s] Level 1:colcon.colcon_core.package_identification:_identify(/home/luis/workspaces/ros2-galactic/src/ros_tutorials) by extensions ['ignore', 'ignore_ament_install']
[0.619s] Level 1:colcon.colcon_core.package_identification:_identify(/home/luis/workspaces/ros2-galactic/src/ros_tutorials) by extension 'ignore'
[0.619s] Level 1:colcon.colcon_core.package_identification:_identify(/home/luis/workspaces/ros2-galactic/src/ros_tutorials) by extension 'ignore_ament_install'
[0.619s] Level 1:colcon.colcon_core.package_identification:_identify(/home/luis/workspaces/ros2-galactic/src/ros_tutorials) by extensions ['colcon_pkg']
[0.619s] Level 1:colcon.colcon_core.package_identification:_identify(/home/luis/workspaces/ros2-galactic/src/ros_tutorials) by extension 'colcon_pkg'
[0.619s] Level 1:colcon.colcon_core.package_identification:_identify(/home/luis/workspaces/ros2-galactic/src/ros_tutorials) by extensions ['colcon_meta']
[0.619s] Level 1:colcon.colcon_core.package_identification:_identify(/home/luis/workspaces/ros2-galactic/src/ros_tutorials) by extension 'colcon_meta'
[0.619s] Level 1:colcon.colcon_core.package_identification:_identify(/home/luis/workspaces/ros2-galactic/src/ros_tutorials) by extensions ['ros']
[0.619s] Level 1:colcon.colcon_core.package_identification:_identify(/home/luis/workspaces/ros2-galactic/src/ros_tutorials) by extension 'ros'
[0.619s] Level 1:colcon.colcon_core.package_identification:_identify(/home/luis/workspaces/ros2-galactic/src/ros_tutorials) by extensions ['cmake', 'python']
[0.619s] Level 1:colcon.colcon_core.package_identification:_identify(/home/luis/workspaces/ros2-galactic/src/ros_tutorials) by extension 'cmake'
[0.619s] Level 1:colcon.colcon_core.package_identification:_identify(/home/luis/workspaces/ros2-galactic/src/ros_tutorials) by extension 'python'
[0.619s] Level 1:colcon.colcon_core.package_identification:_identify(/home/luis/workspaces/ros2-galactic/src/ros_tutorials) by extensions ['python_setup_py']
[0.619s] Level 1:colcon.colcon_core.package_identification:_identify(/home/luis/workspaces/ros2-galactic/src/ros_tutorials) by extension 'python_setup_py'
[0.620s] Level 1:colcon.colcon_core.package_identification:_identify(/home/luis/workspaces/ros2-galactic/src/ros_tutorials/ros_tutorials) by extensions ['ignore', 'ignore_ament_install']
[0.620s] Level 1:colcon.colcon_core.package_identification:_identify(/home/luis/workspaces/ros2-galactic/src/ros_tutorials/ros_tutorials) by extension 'ignore'
[0.620s] Level 1:colcon.colcon_core.package_identification:_identify(/home/luis/workspaces/ros2-galactic/src/ros_tutorials/ros_tutorials) ignored
[0.620s] Level 1:colcon.colcon_core.package_identification:_identify(/home/luis/workspaces/ros2-galactic/src/ros_tutorials/roscpp_tutorials) by extensions ['ignore', 'ignore_ament_install']
[0.620s] Level 1:colcon.colcon_core.package_identification:_identify(/home/luis/workspaces/ros2-galactic/src/ros_tutorials/roscpp_tutorials) by extension 'ignore'
[0.620s] Level 1:colcon.colcon_core.package_identification:_identify(/home/luis/workspaces/ros2-galactic/src/ros_tutorials/roscpp_tutorials) ignored
[0.620s] Level 1:colcon.colcon_core.package_identification:_identify(/home/luis/workspaces/ros2-galactic/src/ros_tutorials/rospy_tutorials) by extensions ['ignore', 'ignore_ament_install']
[0.620s] Level 1:colcon.colcon_core.package_identification:_identify(/home/luis/workspaces/ros2-galactic/src/ros_tutorials/rospy_tutorials) by extension 'ignore'
[0.620s] Level 1:colcon.colcon_core.package_identification:_identify(/home/luis/workspaces/ros2-galactic/src/ros_tutorials/rospy_tutorials) ignored
[0.621s] Level 1:colcon.colcon_core.package_identification:_identify(/home/luis/workspaces/ros2-galactic/src/ros_tutorials/turtlesim) by extensions ['ignore', 'ignore_ament_install']
[0.621s] Level 1:colcon.colcon_core.package_identification:_identify(/home/luis/workspaces/ros2-galactic/src/ros_tutorials/turtlesim) by extension 'ignore'
[0.621s] Level 1:colcon.colcon_core.package_identification:_identify(/home/luis/workspaces/ros2-galactic/src/ros_tutorials/turtlesim) by extension 'ignore_ament_install'
[0.621s] Level 1:colcon.colcon_core.package_identification:_identify(/home/luis/workspaces/ros2-galactic/src/ros_tutorials/turtlesim) by extensions ['colcon_pkg']
[0.621s] Level 1:colcon.colcon_core.package_identification:_identify(/home/luis/workspaces/ros2-galactic/src/ros_tutorials/turtlesim) by extension 'colcon_pkg'
[0.621s] Level 1:colcon.colcon_core.package_identification:_identify(/home/luis/workspaces/ros2-galactic/src/ros_tutorials/turtlesim) by extensions ['colcon_meta']
[0.621s] Level 1:colcon.colcon_core.package_identification:_identify(/home/luis/workspaces/ros2-galactic/src/ros_tutorials/turtlesim) by extension 'colcon_meta'
[0.621s] Level 1:colcon.colcon_core.package_identification:_identify(/home/luis/workspaces/ros2-galactic/src/ros_tutorials/turtlesim) by extensions ['ros']
[0.621s] Level 1:colcon.colcon_core.package_identification:_identify(/home/luis/workspaces/ros2-galactic/src/ros_tutorials/turtlesim) by extension 'ros'
[0.622s] DEBUG:colcon.colcon_core.package_identification:Package '/home/luis/workspaces/ros2-galactic/src/ros_tutorials/turtlesim' with type 'ros.ament_cmake' and name 'turtlesim'
[0.622s] Level 1:colcon.colcon_core.package_identification:_identify(/home/luis/workspaces/ros2-galactic/src/turtle_multiplexer) by extensions ['ignore', 'ignore_ament_install']
[0.623s] Level 1:colcon.colcon_core.package_identification:_identify(/home/luis/workspaces/ros2-galactic/src/turtle_multiplexer) by extension 'ignore'
[0.623s] Level 1:colcon.colcon_core.package_identification:_identify(/home/luis/workspaces/ros2-galactic/src/turtle_multiplexer) by extension 'ignore_ament_install'
[0.623s] Level 1:colcon.colcon_core.package_identification:_identify(/home/luis/workspaces/ros2-galactic/src/turtle_multiplexer) by extensions ['colcon_pkg']
[0.623s] Level 1:colcon.colcon_core.package_identification:_identify(/home/luis/workspaces/ros2-galactic/src/turtle_multiplexer) by extension 'colcon_pkg'
[0.623s] Level 1:colcon.colcon_core.package_identification:_identify(/home/luis/workspaces/ros2-galactic/src/turtle_multiplexer) by extensions ['colcon_meta']
[0.623s] Level 1:colcon.colcon_core.package_identification:_identify(/home/luis/workspaces/ros2-galactic/src/turtle_multiplexer) by extension 'colcon_meta'
[0.623s] Level 1:colcon.colcon_core.package_identification:_identify(/home/luis/workspaces/ros2-galactic/src/turtle_multiplexer) by extensions ['ros']
[0.623s] Level 1:colcon.colcon_core.package_identification:_identify(/home/luis/workspaces/ros2-galactic/src/turtle_multiplexer) by extension 'ros'
[0.624s] DEBUG:colcon.colcon_core.package_identification:Package '/home/luis/workspaces/ros2-galactic/src/turtle_multiplexer' with type 'ros.ament_python' and name 'turtle_multiplexer'
[0.624s] Level 1:colcon.colcon_core.package_identification:_identify(/home/luis/workspaces/ros2-galactic/src/turtle_random) by extensions ['ignore', 'ignore_ament_install']
[0.624s] Level 1:colcon.colcon_core.package_identification:_identify(/home/luis/workspaces/ros2-galactic/src/turtle_random) by extension 'ignore'
[0.624s] Level 1:colcon.colcon_core.package_identification:_identify(/home/luis/workspaces/ros2-galactic/src/turtle_random) by extension 'ignore_ament_install'
[0.624s] Level 1:colcon.colcon_core.package_identification:_identify(/home/luis/workspaces/ros2-galactic/src/turtle_random) by extensions ['colcon_pkg']
[0.624s] Level 1:colcon.colcon_core.package_identification:_identify(/home/luis/workspaces/ros2-galactic/src/turtle_random) by extension 'colcon_pkg'
[0.624s] Level 1:colcon.colcon_core.package_identification:_identify(/home/luis/workspaces/ros2-galactic/src/turtle_random) by extensions ['colcon_meta']
[0.624s] Level 1:colcon.colcon_core.package_identification:_identify(/home/luis/workspaces/ros2-galactic/src/turtle_random) by extension 'colcon_meta'
[0.624s] Level 1:colcon.colcon_core.package_identification:_identify(/home/luis/workspaces/ros2-galactic/src/turtle_random) by extensions ['ros']
[0.624s] Level 1:colcon.colcon_core.package_identification:_identify(/home/luis/workspaces/ros2-galactic/src/turtle_random) by extension 'ros'
[0.625s] DEBUG:colcon.colcon_core.package_identification:Package '/home/luis/workspaces/ros2-galactic/src/turtle_random' with type 'ros.ament_python' and name 'turtle_random'
[0.625s] Level 1:colcon.colcon_core.package_identification:_identify(/opt/ros2/galactic) by extensions ['ignore', 'ignore_ament_install']
[0.625s] Level 1:colcon.colcon_core.package_identification:_identify(/opt/ros2/galactic) by extension 'ignore'
[0.625s] Level 1:colcon.colcon_core.package_identification:_identify(/opt/ros2/galactic) ignored
[0.625s] Level 1:colcon.colcon_core.package_discovery:discover_packages(recursive) using defaults
